<?xml version="1.0" encoding="UTF-8"?>
<!-- Generated by org.testng.reporters.JUnitReportReporter -->
<testsuite hostname="carmen.ncsa.uiuc.edu" name="org.nees.illinois.uisimcor.fem_executor.test.TestProcessResponse" tests="1" failures="0" timestamp="12 Apr 2013 17:02:51 GMT" time="22.472" errors="0">
  <testcase name="TestOutput" time="22.472" classname="org.nees.illinois.uisimcor.fem_executor.test.TestProcessResponse"/>
</testsuite> <!-- org.nees.illinois.uisimcor.fem_executor.test.TestProcessResponse -->
